  main.cpp
D:\DHMT\DHMT_Truong\HaUI_DHMT\OpenGL\main.cpp(133,13): warning C4244: 'initializing': conversion from 'double' to 'float', possible loss of data
D:\DHMT\DHMT_Truong\HaUI_DHMT\OpenGL\main.cpp(160,47): warning C4305: 'initializing': truncation from 'double' to 'float'
D:\DHMT\DHMT_Truong\HaUI_DHMT\OpenGL\main.cpp(348,27): warning C4244: 'argument': conversion from 'int' to 'float', possible loss of data
D:\DHMT\DHMT_Truong\HaUI_DHMT\OpenGL\main.cpp(348,43): warning C4244: 'argument': conversion from 'int' to 'float', possible loss of data
D:\DHMT\DHMT_Truong\HaUI_DHMT\OpenGL\main.cpp(348,59): warning C4244: 'argument': conversion from 'int' to 'float', possible loss of data
D:\DHMT\DHMT_Truong\HaUI_DHMT\OpenGL\main.cpp(352,27): warning C4244: 'argument': conversion from 'int' to 'float', possible loss of data
D:\DHMT\DHMT_Truong\HaUI_DHMT\OpenGL\main.cpp(352,43): warning C4244: 'argument': conversion from 'int' to 'float', possible loss of data
D:\DHMT\DHMT_Truong\HaUI_DHMT\OpenGL\main.cpp(352,59): warning C4244: 'argument': conversion from 'int' to 'float', possible loss of data
D:\DHMT\DHMT_Truong\HaUI_DHMT\OpenGL\main.cpp(352,75): warning C4244: 'argument': conversion from 'int' to 'float', possible loss of data
D:\DHMT\DHMT_Truong\HaUI_DHMT\OpenGL\main.cpp(356,23): warning C4244: 'return': conversion from 'double' to 'float', possible loss of data
D:\DHMT\DHMT_Truong\HaUI_DHMT\OpenGL\main.cpp(442,56): warning C4305: 'argument': truncation from 'double' to 'GLclampf'
D:\DHMT\DHMT_Truong\HaUI_DHMT\OpenGL\main.cpp(476,36): warning C4305: 'argument': truncation from 'double' to 'const GLfloat'
D:\DHMT\DHMT_Truong\HaUI_DHMT\OpenGL\main.cpp(476,55): warning C4305: 'argument': truncation from 'double' to 'const GLfloat'
D:\DHMT\DHMT_Truong\HaUI_DHMT\OpenGL\main.cpp(480,35): warning C4305: 'argument': truncation from 'double' to 'const GLfloat'
D:\DHMT\DHMT_Truong\HaUI_DHMT\OpenGL\main.cpp(480,54): warning C4305: 'argument': truncation from 'double' to 'const GLfloat'
D:\DHMT\DHMT_Truong\HaUI_DHMT\OpenGL\main.cpp(488,35): warning C4305: 'argument': truncation from 'double' to 'const GLfloat'
D:\DHMT\DHMT_Truong\HaUI_DHMT\OpenGL\main.cpp(499,31): warning C4305: 'argument': truncation from 'double' to 'const GLfloat'
D:\DHMT\DHMT_Truong\HaUI_DHMT\OpenGL\main.cpp(507,36): warning C4305: 'argument': truncation from 'double' to 'const GLfloat'
D:\DHMT\DHMT_Truong\HaUI_DHMT\OpenGL\main.cpp(519,35): warning C4305: 'argument': truncation from 'double' to 'const GLfloat'
D:\DHMT\DHMT_Truong\HaUI_DHMT\OpenGL\main.cpp(519,56): warning C4305: 'argument': truncation from 'double' to 'const GLfloat'
D:\DHMT\DHMT_Truong\HaUI_DHMT\OpenGL\main.cpp(523,36): warning C4305: 'argument': truncation from 'double' to 'const GLfloat'
D:\DHMT\DHMT_Truong\HaUI_DHMT\OpenGL\main.cpp(523,57): warning C4305: 'argument': truncation from 'double' to 'const GLfloat'
D:\DHMT\DHMT_Truong\HaUI_DHMT\OpenGL\main.cpp(527,39): warning C4305: 'argument': truncation from 'double' to 'const GLfloat'
D:\DHMT\DHMT_Truong\HaUI_DHMT\OpenGL\main.cpp(527,60): warning C4305: 'argument': truncation from 'double' to 'const GLfloat'
D:\DHMT\DHMT_Truong\HaUI_DHMT\OpenGL\main.cpp(531,40): warning C4305: 'argument': truncation from 'double' to 'const GLfloat'
D:\DHMT\DHMT_Truong\HaUI_DHMT\OpenGL\main.cpp(531,61): warning C4305: 'argument': truncation from 'double' to 'const GLfloat'
D:\DHMT\DHMT_Truong\HaUI_DHMT\OpenGL\main.cpp(535,39): warning C4305: 'argument': truncation from 'double' to 'const GLfloat'
D:\DHMT\DHMT_Truong\HaUI_DHMT\OpenGL\main.cpp(535,60): warning C4305: 'argument': truncation from 'double' to 'const GLfloat'
D:\DHMT\DHMT_Truong\HaUI_DHMT\OpenGL\main.cpp(539,42): warning C4305: 'argument': truncation from 'double' to 'const GLfloat'
D:\DHMT\DHMT_Truong\HaUI_DHMT\OpenGL\main.cpp(539,80): warning C4305: 'argument': truncation from 'double' to 'const GLfloat'
D:\DHMT\DHMT_Truong\HaUI_DHMT\OpenGL\main.cpp(543,41): warning C4305: 'argument': truncation from 'double' to 'const GLfloat'
D:\DHMT\DHMT_Truong\HaUI_DHMT\OpenGL\main.cpp(543,79): warning C4305: 'argument': truncation from 'double' to 'const GLfloat'
D:\DHMT\DHMT_Truong\HaUI_DHMT\OpenGL\main.cpp(547,40): warning C4305: 'argument': truncation from 'double' to 'const GLfloat'
D:\DHMT\DHMT_Truong\HaUI_DHMT\OpenGL\main.cpp(547,75): warning C4305: 'argument': truncation from 'double' to 'const GLfloat'
D:\DHMT\DHMT_Truong\HaUI_DHMT\OpenGL\main.cpp(551,39): warning C4305: 'argument': truncation from 'double' to 'const GLfloat'
D:\DHMT\DHMT_Truong\HaUI_DHMT\OpenGL\main.cpp(551,74): warning C4305: 'argument': truncation from 'double' to 'const GLfloat'
D:\DHMT\DHMT_Truong\HaUI_DHMT\OpenGL\main.cpp(560,39): warning C4305: 'argument': truncation from 'double' to 'const GLfloat'
D:\DHMT\DHMT_Truong\HaUI_DHMT\OpenGL\main.cpp(560,63): warning C4305: 'argument': truncation from 'double' to 'const GLfloat'
D:\DHMT\DHMT_Truong\HaUI_DHMT\OpenGL\main.cpp(564,39): warning C4305: 'argument': truncation from 'double' to 'const GLfloat'
D:\DHMT\DHMT_Truong\HaUI_DHMT\OpenGL\main.cpp(564,77): warning C4305: 'argument': truncation from 'double' to 'const GLfloat'
D:\DHMT\DHMT_Truong\HaUI_DHMT\OpenGL\main.cpp(573,40): warning C4305: 'argument': truncation from 'double' to 'const GLfloat'
D:\DHMT\DHMT_Truong\HaUI_DHMT\OpenGL\main.cpp(573,61): warning C4305: 'argument': truncation from 'double' to 'const GLfloat'
D:\DHMT\DHMT_Truong\HaUI_DHMT\OpenGL\main.cpp(575,42): warning C4305: 'argument': truncation from 'double' to 'const GLfloat'
D:\DHMT\DHMT_Truong\HaUI_DHMT\OpenGL\main.cpp(575,63): warning C4305: 'argument': truncation from 'double' to 'const GLfloat'
D:\DHMT\DHMT_Truong\HaUI_DHMT\OpenGL\main.cpp(578,41): warning C4305: 'argument': truncation from 'double' to 'const GLfloat'
D:\DHMT\DHMT_Truong\HaUI_DHMT\OpenGL\main.cpp(578,62): warning C4305: 'argument': truncation from 'double' to 'const GLfloat'
D:\DHMT\DHMT_Truong\HaUI_DHMT\OpenGL\main.cpp(580,43): warning C4305: 'argument': truncation from 'double' to 'const GLfloat'
D:\DHMT\DHMT_Truong\HaUI_DHMT\OpenGL\main.cpp(580,64): warning C4305: 'argument': truncation from 'double' to 'const GLfloat'
D:\DHMT\DHMT_Truong\HaUI_DHMT\OpenGL\main.cpp(584,40): warning C4305: 'argument': truncation from 'double' to 'const GLfloat'
D:\DHMT\DHMT_Truong\HaUI_DHMT\OpenGL\main.cpp(584,61): warning C4305: 'argument': truncation from 'double' to 'const GLfloat'
D:\DHMT\DHMT_Truong\HaUI_DHMT\OpenGL\main.cpp(586,42): warning C4305: 'argument': truncation from 'double' to 'const GLfloat'
D:\DHMT\DHMT_Truong\HaUI_DHMT\OpenGL\main.cpp(586,63): warning C4305: 'argument': truncation from 'double' to 'const GLfloat'
D:\DHMT\DHMT_Truong\HaUI_DHMT\OpenGL\main.cpp(589,41): warning C4305: 'argument': truncation from 'double' to 'const GLfloat'
D:\DHMT\DHMT_Truong\HaUI_DHMT\OpenGL\main.cpp(589,62): warning C4305: 'argument': truncation from 'double' to 'const GLfloat'
D:\DHMT\DHMT_Truong\HaUI_DHMT\OpenGL\main.cpp(591,43): warning C4305: 'argument': truncation from 'double' to 'const GLfloat'
D:\DHMT\DHMT_Truong\HaUI_DHMT\OpenGL\main.cpp(591,64): warning C4305: 'argument': truncation from 'double' to 'const GLfloat'
D:\DHMT\DHMT_Truong\HaUI_DHMT\OpenGL\main.cpp(604,38): warning C4305: 'argument': truncation from 'double' to 'const GLfloat'
D:\DHMT\DHMT_Truong\HaUI_DHMT\OpenGL\main.cpp(604,60): warning C4305: 'argument': truncation from 'double' to 'const GLfloat'
D:\DHMT\DHMT_Truong\HaUI_DHMT\OpenGL\main.cpp(613,40): warning C4305: 'argument': truncation from 'double' to 'const GLfloat'
D:\DHMT\DHMT_Truong\HaUI_DHMT\OpenGL\main.cpp(613,63): warning C4305: 'argument': truncation from 'double' to 'const GLfloat'
D:\DHMT\DHMT_Truong\HaUI_DHMT\OpenGL\main.cpp(625,38): warning C4305: 'argument': truncation from 'double' to 'const GLfloat'
D:\DHMT\DHMT_Truong\HaUI_DHMT\OpenGL\main.cpp(625,60): warning C4305: 'argument': truncation from 'double' to 'const GLfloat'
D:\DHMT\DHMT_Truong\HaUI_DHMT\OpenGL\main.cpp(634,39): warning C4305: 'argument': truncation from 'double' to 'const GLfloat'
D:\DHMT\DHMT_Truong\HaUI_DHMT\OpenGL\main.cpp(634,62): warning C4305: 'argument': truncation from 'double' to 'const GLfloat'
D:\DHMT\DHMT_Truong\HaUI_DHMT\OpenGL\main.cpp(648,60): warning C4305: 'argument': truncation from 'double' to 'const GLfloat'
D:\DHMT\DHMT_Truong\HaUI_DHMT\OpenGL\main.cpp(650,59): warning C4305: 'argument': truncation from 'double' to 'const GLfloat'
D:\DHMT\DHMT_Truong\HaUI_DHMT\OpenGL\main.cpp(652,61): warning C4305: 'argument': truncation from 'double' to 'const GLfloat'
D:\DHMT\DHMT_Truong\HaUI_DHMT\OpenGL\main.cpp(654,60): warning C4305: 'argument': truncation from 'double' to 'const GLfloat'
D:\DHMT\DHMT_Truong\HaUI_DHMT\OpenGL\main.cpp(656,62): warning C4305: 'argument': truncation from 'double' to 'const GLfloat'
D:\DHMT\DHMT_Truong\HaUI_DHMT\OpenGL\main.cpp(658,61): warning C4305: 'argument': truncation from 'double' to 'const GLfloat'
D:\DHMT\DHMT_Truong\HaUI_DHMT\OpenGL\main.cpp(679,19): warning C4305: 'initializing': truncation from 'double' to 'float'
D:\DHMT\DHMT_Truong\HaUI_DHMT\OpenGL\main.cpp(704,55): warning C4305: 'argument': truncation from 'double' to 'const GLfloat'
D:\DHMT\DHMT_Truong\HaUI_DHMT\OpenGL\main.cpp(749,36): warning C4305: 'argument': truncation from 'double' to 'const GLfloat'
D:\DHMT\DHMT_Truong\HaUI_DHMT\OpenGL\main.cpp(749,55): warning C4305: 'argument': truncation from 'double' to 'const GLfloat'
D:\DHMT\DHMT_Truong\HaUI_DHMT\OpenGL\main.cpp(753,35): warning C4305: 'argument': truncation from 'double' to 'const GLfloat'
D:\DHMT\DHMT_Truong\HaUI_DHMT\OpenGL\main.cpp(753,54): warning C4305: 'argument': truncation from 'double' to 'const GLfloat'
D:\DHMT\DHMT_Truong\HaUI_DHMT\OpenGL\main.cpp(761,35): warning C4305: 'argument': truncation from 'double' to 'const GLfloat'
D:\DHMT\DHMT_Truong\HaUI_DHMT\OpenGL\main.cpp(772,31): warning C4305: 'argument': truncation from 'double' to 'const GLfloat'
D:\DHMT\DHMT_Truong\HaUI_DHMT\OpenGL\main.cpp(780,36): warning C4305: 'argument': truncation from 'double' to 'const GLfloat'
D:\DHMT\DHMT_Truong\HaUI_DHMT\OpenGL\main.cpp(792,40): warning C4305: 'argument': truncation from 'double' to 'const GLfloat'
D:\DHMT\DHMT_Truong\HaUI_DHMT\OpenGL\main.cpp(792,61): warning C4305: 'argument': truncation from 'double' to 'const GLfloat'
D:\DHMT\DHMT_Truong\HaUI_DHMT\OpenGL\main.cpp(796,52): warning C4305: 'argument': truncation from 'double' to 'const GLfloat'
D:\DHMT\DHMT_Truong\HaUI_DHMT\OpenGL\main.cpp(800,39): warning C4305: 'argument': truncation from 'double' to 'const GLfloat'
D:\DHMT\DHMT_Truong\HaUI_DHMT\OpenGL\main.cpp(800,60): warning C4305: 'argument': truncation from 'double' to 'const GLfloat'
D:\DHMT\DHMT_Truong\HaUI_DHMT\OpenGL\main.cpp(804,39): warning C4305: 'argument': truncation from 'double' to 'const GLfloat'
D:\DHMT\DHMT_Truong\HaUI_DHMT\OpenGL\main.cpp(804,60): warning C4305: 'argument': truncation from 'double' to 'const GLfloat'
D:\DHMT\DHMT_Truong\HaUI_DHMT\OpenGL\main.cpp(808,42): warning C4305: 'argument': truncation from 'double' to 'const GLfloat'
D:\DHMT\DHMT_Truong\HaUI_DHMT\OpenGL\main.cpp(808,80): warning C4305: 'argument': truncation from 'double' to 'const GLfloat'
D:\DHMT\DHMT_Truong\HaUI_DHMT\OpenGL\main.cpp(812,41): warning C4305: 'argument': truncation from 'double' to 'const GLfloat'
D:\DHMT\DHMT_Truong\HaUI_DHMT\OpenGL\main.cpp(812,79): warning C4305: 'argument': truncation from 'double' to 'const GLfloat'
D:\DHMT\DHMT_Truong\HaUI_DHMT\OpenGL\main.cpp(821,42): warning C4305: 'argument': truncation from 'double' to 'const GLfloat'
D:\DHMT\DHMT_Truong\HaUI_DHMT\OpenGL\main.cpp(821,63): warning C4305: 'argument': truncation from 'double' to 'const GLfloat'
D:\DHMT\DHMT_Truong\HaUI_DHMT\OpenGL\main.cpp(825,38): warning C4305: 'argument': truncation from 'double' to 'const GLfloat'
D:\DHMT\DHMT_Truong\HaUI_DHMT\OpenGL\main.cpp(825,59): warning C4305: 'argument': truncation from 'double' to 'const GLfloat'
D:\DHMT\DHMT_Truong\HaUI_DHMT\OpenGL\main.cpp(829,41): warning C4305: 'argument': truncation from 'double' to 'const GLfloat'
D:\DHMT\DHMT_Truong\HaUI_DHMT\OpenGL\main.cpp(829,62): warning C4305: 'argument': truncation from 'double' to 'const GLfloat'
D:\DHMT\DHMT_Truong\HaUI_DHMT\OpenGL\main.cpp(833,41): warning C4305: 'argument': truncation from 'double' to 'const GLfloat'
D:\DHMT\DHMT_Truong\HaUI_DHMT\OpenGL\main.cpp(833,62): warning C4305: 'argument': truncation from 'double' to 'const GLfloat'
D:\DHMT\DHMT_Truong\HaUI_DHMT\OpenGL\main.cpp(837,39): warning C4305: 'argument': truncation from 'double' to 'const GLfloat'
D:\DHMT\DHMT_Truong\HaUI_DHMT\OpenGL\main.cpp(837,58): warning C4305: 'argument': truncation from 'double' to 'const GLfloat'
D:\DHMT\DHMT_Truong\HaUI_DHMT\OpenGL\main.cpp(848,54): warning C4305: 'argument': truncation from 'double' to 'const GLfloat'
D:\DHMT\DHMT_Truong\HaUI_DHMT\OpenGL\main.cpp(848,40): warning C4244: 'argument': conversion from 'double' to 'const GLfloat', possible loss of data
D:\DHMT\DHMT_Truong\HaUI_DHMT\OpenGL\main.cpp(848,78): warning C4305: 'argument': truncation from 'double' to 'const GLfloat'
D:\DHMT\DHMT_Truong\HaUI_DHMT\OpenGL\main.cpp(853,40): warning C4305: 'argument': truncation from 'double' to 'const GLfloat'
D:\DHMT\DHMT_Truong\HaUI_DHMT\OpenGL\main.cpp(853,78): warning C4305: 'argument': truncation from 'double' to 'const GLfloat'
D:\DHMT\DHMT_Truong\HaUI_DHMT\OpenGL\main.cpp(857,65): warning C4244: 'argument': conversion from 'float' to 'int', possible loss of data
D:\DHMT\DHMT_Truong\HaUI_DHMT\OpenGL\main.cpp(857,50): warning C4244: 'argument': conversion from 'float' to 'int', possible loss of data
D:\DHMT\DHMT_Truong\HaUI_DHMT\OpenGL\main.cpp(857,35): warning C4244: 'argument': conversion from 'float' to 'int', possible loss of data
D:\DHMT\DHMT_Truong\HaUI_DHMT\OpenGL\main.cpp(858,77): warning C4244: 'argument': conversion from 'float' to 'int', possible loss of data
D:\DHMT\DHMT_Truong\HaUI_DHMT\OpenGL\main.cpp(858,57): warning C4244: 'argument': conversion from 'float' to 'int', possible loss of data
D:\DHMT\DHMT_Truong\HaUI_DHMT\OpenGL\main.cpp(858,37): warning C4244: 'argument': conversion from 'float' to 'int', possible loss of data
D:\DHMT\DHMT_Truong\HaUI_DHMT\OpenGL\main.cpp(859,78): warning C4244: 'argument': conversion from 'float' to 'int', possible loss of data
D:\DHMT\DHMT_Truong\HaUI_DHMT\OpenGL\main.cpp(859,58): warning C4244: 'argument': conversion from 'float' to 'int', possible loss of data
D:\DHMT\DHMT_Truong\HaUI_DHMT\OpenGL\main.cpp(859,38): warning C4244: 'argument': conversion from 'float' to 'int', possible loss of data
D:\DHMT\DHMT_Truong\HaUI_DHMT\OpenGL\main.cpp(862,73): warning C4305: 'argument': truncation from 'double' to 'const GLfloat'
D:\DHMT\DHMT_Truong\HaUI_DHMT\OpenGL\main.cpp(865,74): warning C4305: 'argument': truncation from 'double' to 'const GLfloat'
D:\DHMT\DHMT_Truong\HaUI_DHMT\OpenGL\main.cpp(873,38): warning C4305: 'argument': truncation from 'double' to 'const GLfloat'
D:\DHMT\DHMT_Truong\HaUI_DHMT\OpenGL\main.cpp(873,61): warning C4305: 'argument': truncation from 'double' to 'const GLfloat'
D:\DHMT\DHMT_Truong\HaUI_DHMT\OpenGL\main.cpp(875,40): warning C4305: 'argument': truncation from 'double' to 'const GLfloat'
D:\DHMT\DHMT_Truong\HaUI_DHMT\OpenGL\main.cpp(875,63): warning C4305: 'argument': truncation from 'double' to 'const GLfloat'
D:\DHMT\DHMT_Truong\HaUI_DHMT\OpenGL\main.cpp(888,56): warning C4305: 'argument': truncation from 'double' to 'const GLfloat'
D:\DHMT\DHMT_Truong\HaUI_DHMT\OpenGL\main.cpp(892,56): warning C4305: 'argument': truncation from 'double' to 'const GLfloat'
D:\DHMT\DHMT_Truong\HaUI_DHMT\OpenGL\main.cpp(904,38): warning C4305: 'argument': truncation from 'double' to 'const GLfloat'
D:\DHMT\DHMT_Truong\HaUI_DHMT\OpenGL\main.cpp(904,60): warning C4305: 'argument': truncation from 'double' to 'const GLfloat'
D:\DHMT\DHMT_Truong\HaUI_DHMT\OpenGL\main.cpp(913,40): warning C4305: 'argument': truncation from 'double' to 'const GLfloat'
D:\DHMT\DHMT_Truong\HaUI_DHMT\OpenGL\main.cpp(913,63): warning C4305: 'argument': truncation from 'double' to 'const GLfloat'
D:\DHMT\DHMT_Truong\HaUI_DHMT\OpenGL\main.cpp(925,38): warning C4305: 'argument': truncation from 'double' to 'const GLfloat'
D:\DHMT\DHMT_Truong\HaUI_DHMT\OpenGL\main.cpp(925,60): warning C4305: 'argument': truncation from 'double' to 'const GLfloat'
D:\DHMT\DHMT_Truong\HaUI_DHMT\OpenGL\main.cpp(934,39): warning C4305: 'argument': truncation from 'double' to 'const GLfloat'
D:\DHMT\DHMT_Truong\HaUI_DHMT\OpenGL\main.cpp(934,62): warning C4305: 'argument': truncation from 'double' to 'const GLfloat'
D:\DHMT\DHMT_Truong\HaUI_DHMT\OpenGL\main.cpp(946,38): warning C4305: 'argument': truncation from 'double' to 'const GLfloat'
D:\DHMT\DHMT_Truong\HaUI_DHMT\OpenGL\main.cpp(946,61): warning C4305: 'argument': truncation from 'double' to 'const GLfloat'
D:\DHMT\DHMT_Truong\HaUI_DHMT\OpenGL\main.cpp(950,39): warning C4305: 'argument': truncation from 'double' to 'const GLfloat'
D:\DHMT\DHMT_Truong\HaUI_DHMT\OpenGL\main.cpp(950,60): warning C4305: 'argument': truncation from 'double' to 'const GLfloat'
D:\DHMT\DHMT_Truong\HaUI_DHMT\OpenGL\main.cpp(954,40): warning C4305: 'argument': truncation from 'double' to 'const GLfloat'
D:\DHMT\DHMT_Truong\HaUI_DHMT\OpenGL\main.cpp(954,61): warning C4305: 'argument': truncation from 'double' to 'const GLfloat'
D:\DHMT\DHMT_Truong\HaUI_DHMT\OpenGL\main.cpp(958,56): warning C4305: 'argument': truncation from 'double' to 'const GLfloat'
D:\DHMT\DHMT_Truong\HaUI_DHMT\OpenGL\main.cpp(961,40): warning C4305: 'argument': truncation from 'double' to 'const GLfloat'
D:\DHMT\DHMT_Truong\HaUI_DHMT\OpenGL\main.cpp(961,63): warning C4305: 'argument': truncation from 'double' to 'const GLfloat'
D:\DHMT\DHMT_Truong\HaUI_DHMT\OpenGL\main.cpp(964,35): warning C4305: 'argument': truncation from 'double' to 'const GLfloat'
D:\DHMT\DHMT_Truong\HaUI_DHMT\OpenGL\main.cpp(964,56): warning C4305: 'argument': truncation from 'double' to 'const GLfloat'
D:\DHMT\DHMT_Truong\HaUI_DHMT\OpenGL\main.cpp(967,41): warning C4305: 'argument': truncation from 'double' to 'const GLfloat'
D:\DHMT\DHMT_Truong\HaUI_DHMT\OpenGL\main.cpp(967,64): warning C4305: 'argument': truncation from 'double' to 'const GLfloat'
D:\DHMT\DHMT_Truong\HaUI_DHMT\OpenGL\main.cpp(970,36): warning C4305: 'argument': truncation from 'double' to 'const GLfloat'
D:\DHMT\DHMT_Truong\HaUI_DHMT\OpenGL\main.cpp(970,57): warning C4305: 'argument': truncation from 'double' to 'const GLfloat'
D:\DHMT\DHMT_Truong\HaUI_DHMT\OpenGL\main.cpp(975,47): warning C4305: 'argument': truncation from 'double' to 'const GLfloat'
D:\DHMT\DHMT_Truong\HaUI_DHMT\OpenGL\main.cpp(975,68): warning C4305: 'argument': truncation from 'double' to 'const GLfloat'
D:\DHMT\DHMT_Truong\HaUI_DHMT\OpenGL\main.cpp(981,48): warning C4305: 'argument': truncation from 'double' to 'const GLfloat'
D:\DHMT\DHMT_Truong\HaUI_DHMT\OpenGL\main.cpp(981,69): warning C4305: 'argument': truncation from 'double' to 'const GLfloat'
D:\DHMT\DHMT_Truong\HaUI_DHMT\OpenGL\main.cpp(999,36): warning C4305: 'argument': truncation from 'double' to 'const GLfloat'
D:\DHMT\DHMT_Truong\HaUI_DHMT\OpenGL\main.cpp(999,59): warning C4305: 'argument': truncation from 'double' to 'const GLfloat'
D:\DHMT\DHMT_Truong\HaUI_DHMT\OpenGL\main.cpp(1007,37): warning C4305: 'argument': truncation from 'double' to 'const GLfloat'
D:\DHMT\DHMT_Truong\HaUI_DHMT\OpenGL\main.cpp(1007,77): warning C4305: 'argument': truncation from 'double' to 'const GLfloat'
D:\DHMT\DHMT_Truong\HaUI_DHMT\OpenGL\main.cpp(1012,47): warning C4244: 'argument': conversion from 'double' to 'const GLfloat', possible loss of data
D:\DHMT\DHMT_Truong\HaUI_DHMT\OpenGL\main.cpp(1012,55): warning C4305: 'argument': truncation from 'double' to 'const GLfloat'
D:\DHMT\DHMT_Truong\HaUI_DHMT\OpenGL\main.cpp(1012,78): warning C4305: 'argument': truncation from 'double' to 'const GLfloat'
D:\DHMT\DHMT_Truong\HaUI_DHMT\OpenGL\main.cpp(1025,56): warning C4305: 'argument': truncation from 'double' to 'const GLfloat'
D:\DHMT\DHMT_Truong\HaUI_DHMT\OpenGL\main.cpp(1036,64): warning C4305: 'argument': truncation from 'double' to 'const GLfloat'
D:\DHMT\DHMT_Truong\HaUI_DHMT\OpenGL\main.cpp(1042,61): warning C4305: 'argument': truncation from 'double' to 'const GLfloat'
D:\DHMT\DHMT_Truong\HaUI_DHMT\OpenGL\main.cpp(1044,60): warning C4305: 'argument': truncation from 'double' to 'const GLfloat'
D:\DHMT\DHMT_Truong\HaUI_DHMT\OpenGL\main.cpp(1046,60): warning C4305: 'argument': truncation from 'double' to 'const GLfloat'
D:\DHMT\DHMT_Truong\HaUI_DHMT\OpenGL\main.cpp(1048,59): warning C4305: 'argument': truncation from 'double' to 'const GLfloat'
D:\DHMT\DHMT_Truong\HaUI_DHMT\OpenGL\main.cpp(1050,56): warning C4305: 'argument': truncation from 'double' to 'const GLfloat'
D:\DHMT\DHMT_Truong\HaUI_DHMT\OpenGL\main.cpp(1050,87): warning C4244: 'argument': conversion from 'double' to 'const GLfloat', possible loss of data
D:\DHMT\DHMT_Truong\HaUI_DHMT\OpenGL\main.cpp(1052,57): warning C4305: 'argument': truncation from 'double' to 'const GLfloat'
D:\DHMT\DHMT_Truong\HaUI_DHMT\OpenGL\main.cpp(1079,32): warning C4305: 'argument': truncation from 'double' to 'const GLfloat'
D:\DHMT\DHMT_Truong\HaUI_DHMT\OpenGL\main.cpp(1083,53): warning C4305: 'argument': truncation from 'double' to 'const GLfloat'
D:\DHMT\DHMT_Truong\HaUI_DHMT\OpenGL\main.cpp(1089,34): warning C4305: 'argument': truncation from 'double' to 'const GLfloat'
D:\DHMT\DHMT_Truong\HaUI_DHMT\OpenGL\main.cpp(1099,34): warning C4305: 'argument': truncation from 'double' to 'const GLfloat'
D:\DHMT\DHMT_Truong\HaUI_DHMT\OpenGL\main.cpp(1099,53): warning C4305: 'argument': truncation from 'double' to 'const GLfloat'
D:\DHMT\DHMT_Truong\HaUI_DHMT\OpenGL\main.cpp(1103,37): warning C4305: 'argument': truncation from 'double' to 'const GLfloat'
D:\DHMT\DHMT_Truong\HaUI_DHMT\OpenGL\main.cpp(1103,56): warning C4305: 'argument': truncation from 'double' to 'const GLfloat'
D:\DHMT\DHMT_Truong\HaUI_DHMT\OpenGL\main.cpp(1105,38): warning C4305: 'argument': truncation from 'double' to 'const GLfloat'
D:\DHMT\DHMT_Truong\HaUI_DHMT\OpenGL\main.cpp(1105,57): warning C4305: 'argument': truncation from 'double' to 'const GLfloat'
D:\DHMT\DHMT_Truong\HaUI_DHMT\OpenGL\main.cpp(1108,38): warning C4305: 'argument': truncation from 'double' to 'const GLfloat'
D:\DHMT\DHMT_Truong\HaUI_DHMT\OpenGL\main.cpp(1108,57): warning C4305: 'argument': truncation from 'double' to 'const GLfloat'
D:\DHMT\DHMT_Truong\HaUI_DHMT\OpenGL\main.cpp(1116,55): warning C4305: 'argument': truncation from 'double' to 'const GLfloat'
D:\DHMT\DHMT_Truong\HaUI_DHMT\OpenGL\main.cpp(1119,56): warning C4305: 'argument': truncation from 'double' to 'const GLfloat'
D:\DHMT\DHMT_Truong\HaUI_DHMT\OpenGL\main.cpp(1123,57): warning C4305: 'argument': truncation from 'double' to 'const GLfloat'
D:\DHMT\DHMT_Truong\HaUI_DHMT\OpenGL\main.cpp(1125,56): warning C4305: 'argument': truncation from 'double' to 'const GLfloat'
D:\DHMT\DHMT_Truong\HaUI_DHMT\OpenGL\main.cpp(1129,54): warning C4305: 'argument': truncation from 'double' to 'const GLfloat'
D:\DHMT\DHMT_Truong\HaUI_DHMT\OpenGL\main.cpp(1132,55): warning C4305: 'argument': truncation from 'double' to 'const GLfloat'
D:\DHMT\DHMT_Truong\HaUI_DHMT\OpenGL\main.cpp(1136,56): warning C4305: 'argument': truncation from 'double' to 'const GLfloat'
D:\DHMT\DHMT_Truong\HaUI_DHMT\OpenGL\main.cpp(1138,55): warning C4305: 'argument': truncation from 'double' to 'const GLfloat'
D:\DHMT\DHMT_Truong\HaUI_DHMT\OpenGL\main.cpp(1150,31): warning C4305: 'argument': truncation from 'double' to 'const GLfloat'
D:\DHMT\DHMT_Truong\HaUI_DHMT\OpenGL\main.cpp(1158,33): warning C4305: 'argument': truncation from 'double' to 'const GLfloat'
D:\DHMT\DHMT_Truong\HaUI_DHMT\OpenGL\main.cpp(1158,55): warning C4305: 'argument': truncation from 'double' to 'const GLfloat'
D:\DHMT\DHMT_Truong\HaUI_DHMT\OpenGL\main.cpp(1168,75): warning C4305: 'argument': truncation from 'double' to 'const GLfloat'
D:\DHMT\DHMT_Truong\HaUI_DHMT\OpenGL\main.cpp(1216,58): warning C4305: 'argument': truncation from 'double' to 'const GLfloat'
D:\DHMT\DHMT_Truong\HaUI_DHMT\OpenGL\main.cpp(1223,37): warning C4305: 'argument': truncation from 'double' to 'const GLfloat'
D:\DHMT\DHMT_Truong\HaUI_DHMT\OpenGL\main.cpp(1223,60): warning C4305: 'argument': truncation from 'double' to 'const GLfloat'
D:\DHMT\DHMT_Truong\HaUI_DHMT\OpenGL\main.cpp(1263,41): warning C4305: 'argument': truncation from 'double' to 'const GLfloat'
D:\DHMT\DHMT_Truong\HaUI_DHMT\OpenGL\main.cpp(1265,41): warning C4305: 'argument': truncation from 'double' to 'const GLfloat'
D:\DHMT\DHMT_Truong\HaUI_DHMT\OpenGL\main.cpp(1265,91): warning C4305: 'argument': truncation from 'double' to 'const GLfloat'
D:\DHMT\DHMT_Truong\HaUI_DHMT\OpenGL\main.cpp(1267,41): warning C4305: 'argument': truncation from 'double' to 'const GLfloat'
D:\DHMT\DHMT_Truong\HaUI_DHMT\OpenGL\main.cpp(1267,92): warning C4305: 'argument': truncation from 'double' to 'const GLfloat'
D:\DHMT\DHMT_Truong\HaUI_DHMT\OpenGL\main.cpp(1290,45): warning C4244: 'argument': conversion from 'int' to 'const GLfloat', possible loss of data
D:\DHMT\DHMT_Truong\HaUI_DHMT\OpenGL\main.cpp(1290,68): warning C4244: 'argument': conversion from 'int' to 'float', possible loss of data
D:\DHMT\DHMT_Truong\HaUI_DHMT\OpenGL\main.cpp(1294,38): warning C4244: 'argument': conversion from 'int' to 'const GLfloat', possible loss of data
D:\DHMT\DHMT_Truong\HaUI_DHMT\OpenGL\main.cpp(1294,70): warning C4244: 'argument': conversion from 'int' to 'float', possible loss of data
D:\DHMT\DHMT_Truong\HaUI_DHMT\OpenGL\main.cpp(1298,38): warning C4244: 'argument': conversion from 'int' to 'const GLfloat', possible loss of data
D:\DHMT\DHMT_Truong\HaUI_DHMT\OpenGL\main.cpp(1298,69): warning C4244: 'argument': conversion from 'int' to 'float', possible loss of data
D:\DHMT\DHMT_Truong\HaUI_DHMT\OpenGL\main.cpp(1302,34): warning C4305: 'argument': truncation from 'double' to 'const GLfloat'
D:\DHMT\DHMT_Truong\HaUI_DHMT\OpenGL\main.cpp(1303,33): warning C4305: 'argument': truncation from 'double' to 'const GLfloat'
D:\DHMT\DHMT_Truong\HaUI_DHMT\OpenGL\main.cpp(1303,70): warning C4305: 'argument': truncation from 'double' to 'const GLfloat'
D:\DHMT\DHMT_Truong\HaUI_DHMT\OpenGL\main.cpp(1312,55): warning C4305: 'argument': truncation from 'double' to 'const GLfloat'
D:\DHMT\DHMT_Truong\HaUI_DHMT\OpenGL\main.cpp(1342,57): warning C4305: 'argument': truncation from 'double' to 'const GLfloat'
D:\DHMT\DHMT_Truong\HaUI_DHMT\OpenGL\main.cpp(1366,54): warning C4244: '+=': conversion from 'double' to 'float', possible loss of data
D:\DHMT\DHMT_Truong\HaUI_DHMT\OpenGL\main.cpp(1367,54): warning C4244: '+=': conversion from 'double' to 'float', possible loss of data
D:\DHMT\DHMT_Truong\HaUI_DHMT\OpenGL\main.cpp(1370,54): warning C4244: '-=': conversion from 'double' to 'float', possible loss of data
D:\DHMT\DHMT_Truong\HaUI_DHMT\OpenGL\main.cpp(1371,54): warning C4244: '-=': conversion from 'double' to 'float', possible loss of data
D:\DHMT\DHMT_Truong\HaUI_DHMT\OpenGL\main.cpp(1374,54): warning C4244: '-=': conversion from 'double' to 'float', possible loss of data
D:\DHMT\DHMT_Truong\HaUI_DHMT\OpenGL\main.cpp(1378,54): warning C4244: '+=': conversion from 'double' to 'float', possible loss of data
D:\DHMT\DHMT_Truong\HaUI_DHMT\OpenGL\main.cpp(1382,30): warning C4244: 'argument': conversion from 'double' to 'const GLfloat', possible loss of data
D:\DHMT\DHMT_Truong\HaUI_DHMT\OpenGL\main.cpp(1385,30): warning C4244: 'argument': conversion from 'double' to 'const GLfloat', possible loss of data
D:\DHMT\DHMT_Truong\HaUI_DHMT\OpenGL\main.cpp(1388,28): warning C4244: 'argument': conversion from 'double' to 'const GLfloat', possible loss of data
D:\DHMT\DHMT_Truong\HaUI_DHMT\OpenGL\main.cpp(1391,28): warning C4244: 'argument': conversion from 'double' to 'const GLfloat', possible loss of data
D:\DHMT\DHMT_Truong\HaUI_DHMT\OpenGL\main.cpp(1394,25): warning C4244: 'argument': conversion from 'double' to 'const GLfloat', possible loss of data
D:\DHMT\DHMT_Truong\HaUI_DHMT\OpenGL\main.cpp(1397,25): warning C4244: 'argument': conversion from 'double' to 'const GLfloat', possible loss of data
D:\DHMT\DHMT_Truong\HaUI_DHMT\OpenGL\main.cpp(1423,49): warning C4244: '+=': conversion from 'double' to 'float', possible loss of data
D:\DHMT\DHMT_Truong\HaUI_DHMT\OpenGL\main.cpp(1424,53): warning C4305: '+=': truncation from 'double' to 'float'
D:\DHMT\DHMT_Truong\HaUI_DHMT\OpenGL\main.cpp(1425,55): warning C4244: '+=': conversion from 'double' to 'float', possible loss of data
D:\DHMT\DHMT_Truong\HaUI_DHMT\OpenGL\main.cpp(1426,56): warning C4244: '+=': conversion from 'double' to 'float', possible loss of data
D:\DHMT\DHMT_Truong\HaUI_DHMT\OpenGL\main.cpp(1429,49): warning C4244: '-=': conversion from 'double' to 'float', possible loss of data
D:\DHMT\DHMT_Truong\HaUI_DHMT\OpenGL\main.cpp(1430,53): warning C4305: '-=': truncation from 'double' to 'float'
D:\DHMT\DHMT_Truong\HaUI_DHMT\OpenGL\main.cpp(1431,55): warning C4244: '-=': conversion from 'double' to 'float', possible loss of data
D:\DHMT\DHMT_Truong\HaUI_DHMT\OpenGL\main.cpp(1432,56): warning C4244: '-=': conversion from 'double' to 'float', possible loss of data
D:\DHMT\DHMT_Truong\HaUI_DHMT\OpenGL\main.cpp(1508,49): warning C4244: '+=': conversion from 'double' to 'float', possible loss of data
D:\DHMT\DHMT_Truong\HaUI_DHMT\OpenGL\main.cpp(1509,53): warning C4305: '+=': truncation from 'double' to 'float'
D:\DHMT\DHMT_Truong\HaUI_DHMT\OpenGL\main.cpp(1510,55): warning C4244: '+=': conversion from 'double' to 'float', possible loss of data
D:\DHMT\DHMT_Truong\HaUI_DHMT\OpenGL\main.cpp(1511,56): warning C4244: '+=': conversion from 'double' to 'float', possible loss of data
D:\DHMT\DHMT_Truong\HaUI_DHMT\OpenGL\main.cpp(1514,49): warning C4244: '-=': conversion from 'double' to 'float', possible loss of data
D:\DHMT\DHMT_Truong\HaUI_DHMT\OpenGL\main.cpp(1515,53): warning C4305: '-=': truncation from 'double' to 'float'
D:\DHMT\DHMT_Truong\HaUI_DHMT\OpenGL\main.cpp(1516,55): warning C4244: '-=': conversion from 'double' to 'float', possible loss of data
D:\DHMT\DHMT_Truong\HaUI_DHMT\OpenGL\main.cpp(1517,56): warning C4244: '-=': conversion from 'double' to 'float', possible loss of data
D:\DHMT\DHMT_Truong\HaUI_DHMT\OpenGL\main.cpp(1569,21): warning C4305: '+=': truncation from 'double' to 'float'
D:\DHMT\DHMT_Truong\HaUI_DHMT\OpenGL\main.cpp(1576,21): warning C4305: '-=': truncation from 'double' to 'float'
D:\DHMT\DHMT_Truong\HaUI_DHMT\OpenGL\main.cpp(1590,20): warning C4305: '+=': truncation from 'double' to 'float'
D:\DHMT\DHMT_Truong\HaUI_DHMT\OpenGL\main.cpp(1595,20): warning C4305: '-=': truncation from 'double' to 'float'
D:\DHMT\DHMT_Truong\HaUI_DHMT\OpenGL\main.cpp(1602,17): warning C4305: '+=': truncation from 'double' to 'float'
D:\DHMT\DHMT_Truong\HaUI_DHMT\OpenGL\main.cpp(1604,18): warning C4305: '-=': truncation from 'double' to 'float'
D:\DHMT\DHMT_Truong\HaUI_DHMT\OpenGL\main.cpp(1614,16): warning C4244: '=': conversion from 'int' to 'float', possible loss of data
D:\DHMT\DHMT_Truong\HaUI_DHMT\OpenGL\main.cpp(1615,16): warning C4244: '=': conversion from 'int' to 'float', possible loss of data
  OpenGL.vcxproj -> D:\DHMT\DHMT_Truong\HaUI_DHMT\Debug\OpenGL.exe
